<?xml version="1.0" encoding="UTF-8"?>
<!-- Generated by org.testng.reporters.JUnitXMLReporter -->
<testsuite hostname="JSM" ignored="0" name="Test" tests="4" failures="0" timestamp="2020-04-26T09:04:02 IST" time="0.205" errors="0">
  <testcase name="Google" time="0.016" classname="MavenProject.MobileTest"/>
  <testcase name="InternetExplorer" time="0.001" classname="MavenProject.MobileTest"/>
  <testcase name="Facebook" time="0.0" classname="MavenProject.WebTest"/>
  <testcase name="Twitter" time="0.001" classname="MavenProject.WebTest"/>
</testsuite> <!-- Test -->
